<?xml version="1.0" encoding="UTF-8"?>
<robot generator="Robot 4.1.3 (Python 3.8.9 on darwin)" generated="20220218 15:48:49.126" rpa="false" schemaversion="2">
<suite id="s1" name="testApi" source="/Users/jaxethhugomahiya/PycharmProjects/pythonProject/tests/testApi.robot">
<test id="s1-t1" name="Play around with dictionary">
<kw name="Create Dictionary" library="BuiltIn">
<var>${data}</var>
<arg>name=earljohnmahiya</arg>
<arg>course=robot</arg>
<arg>website=rahulshettyacademy.com</arg>
<doc>Creates and returns a dictionary based on the given ``items``.</doc>
<msg timestamp="20220218 15:48:49.138" level="INFO">${data} = {'name': 'earljohnmahiya', 'course': 'robot', 'website': 'rahulshettyacademy.com'}</msg>
<status status="PASS" starttime="20220218 15:48:49.138" endtime="20220218 15:48:49.138"/>
</kw>
<kw name="Log" library="BuiltIn">
<arg>${data}</arg>
<doc>Logs the given message with the given level.</doc>
<msg timestamp="20220218 15:48:49.138" level="INFO">{'name': 'earljohnmahiya', 'course': 'robot', 'website': 'rahulshettyacademy.com'}</msg>
<status status="PASS" starttime="20220218 15:48:49.138" endtime="20220218 15:48:49.138"/>
</kw>
<kw name="Dictionary Should Contain Key" library="Collections">
<arg>${data}</arg>
<arg>name</arg>
<doc>Fails if ``key`` is not found from ``dictionary``.</doc>
<status status="PASS" starttime="20220218 15:48:49.138" endtime="20220218 15:48:49.139"/>
</kw>
<kw name="Log" library="BuiltIn">
<arg>${data}[name]</arg>
<doc>Logs the given message with the given level.</doc>
<msg timestamp="20220218 15:48:49.139" level="INFO">earljohnmahiya</msg>
<status status="PASS" starttime="20220218 15:48:49.139" endtime="20220218 15:48:49.139"/>
</kw>
<kw name="Get From Dictionary" library="Collections">
<var>${url}</var>
<arg>${data}</arg>
<arg>website</arg>
<doc>Returns a value from the given ``dictionary`` based on the given ``key``.</doc>
<msg timestamp="20220218 15:48:49.139" level="INFO">${url} = rahulshettyacademy.com</msg>
<status status="PASS" starttime="20220218 15:48:49.139" endtime="20220218 15:48:49.139"/>
</kw>
<kw name="Log" library="BuiltIn">
<arg>${url}</arg>
<doc>Logs the given message with the given level.</doc>
<msg timestamp="20220218 15:48:49.139" level="INFO">rahulshettyacademy.com</msg>
<status status="PASS" starttime="20220218 15:48:49.139" endtime="20220218 15:48:49.139"/>
</kw>
<status status="PASS" starttime="20220218 15:48:49.138" endtime="20220218 15:48:49.139"/>
</test>
<status status="PASS" starttime="20220218 15:48:49.127" endtime="20220218 15:48:49.139"/>
</suite>
<statistics>
<total>
<stat pass="1" fail="0" skip="0">All Tests</stat>
</total>
<tag>
</tag>
<suite>
<stat pass="1" fail="0" skip="0" id="s1" name="testApi">testApi</stat>
</suite>
</statistics>
<errors>
</errors>
</robot>
